<html>
<head>
<title>TestNG:  Test</title>
<link href="../testng.css" rel="stylesheet" type="text/css" />
<link href="../my-testng.css" rel="stylesheet" type="text/css" />

<style type="text/css">
.log { display: none;} 
.stack-trace { display: none;} 
</style>
<script type="text/javascript">
<!--
function flip(e) {
  current = e.style.display;
  if (current == 'block') {
    e.style.display = 'none';
    return 0;
  }
  else {
    e.style.display = 'block';
    return 1;
  }
}

function toggleBox(szDivId, elem, msg1, msg2)
{
  var res = -1;  if (document.getElementById) {
    res = flip(document.getElementById(szDivId));
  }
  else if (document.all) {
    // this is the way old msie versions work
    res = flip(document.all[szDivId]);
  }
  if(elem) {
    if(res == 0) elem.innerHTML = msg1; else elem.innerHTML = msg2;
  }

}

function toggleAllBoxes() {
  if (document.getElementsByTagName) {
    d = document.getElementsByTagName('div');
    for (i = 0; i < d.length; i++) {
      if (d[i].className == 'log') {
        flip(d[i]);
      }
    }
  }
}

// -->
</script>

</head>
<body>
<h2 align='center'>Test</h2><table border='1' align="center">
<tr>
<td>Tests passed/Failed/Skipped:</td><td>8/3/0</td>
</tr><tr>
<td>Started on:</td><td>Sun Nov 21 15:52:11 IST 2021</td>
</tr>
<tr><td>Total time:</td><td>178 seconds (178439 ms)</td>
</tr><tr>
<td>Included groups:</td><td></td>
</tr><tr>
<td>Excluded groups:</td><td></td>
</tr>
</table><p/>
<small><i>(Hover the method name to see the test class name)</i></small><p/>
<table width='100%' border='1' class='invocation-failed'>
<tr><td colspan='4' align='center'><b>FAILED TESTS</b></td></tr>
<tr><td><b>Test method</b></td>
<td width="30%"><b>Exception</b></td>
<td width="10%"><b>Time (seconds)</b></td>
<td><b>Instance</b></td>
</tr>
<tr>
<td title='com.mindtree.runner.BigSmallRunner.runScenario()'><b>runScenario</b><br>Test class: com.mindtree.runner.BigSmallRunner<br>Test method: Runs Cucumber Scenarios<br>Parameters: "Validating Login", "Optional[Login Test]"</td>
<td><div><pre>org.openqa.selenium.NoSuchElementException: no such element: Unable to locate element: {&quot;method&quot;:&quot;css selector&quot;,&quot;selector&quot;:&quot;#customer_logout_link&quot;}
  (Session info: chrome=96.0.4664.45)
For documentation on this error, please visit: https://www.seleniumhq.org/exceptions/no_such_element.html
Build info: version: &apos;3.141.59&apos;, revision: &apos;e82be7d358&apos;, time: &apos;2018-11-14T08:17:03&apos;
System info: host: &apos;DESKTOP-EVUMI0M&apos;, ip: &apos;192.168.56.1&apos;, os.name: &apos;Windows 10&apos;, os.arch: &apos;amd64&apos;, os.version: &apos;10.0&apos;, java.version: &apos;11.0.11&apos;
Driver info: org.openqa.selenium.chrome.ChromeDriver
Capabilities {acceptInsecureCerts: false, browserName: chrome, browserVersion: 96.0.4664.45, chrome: {chromedriverVersion: 96.0.4664.45 (76e4c1bb2ab46..., userDataDir: C:\Users\Hp\AppData\Local\T...}, goog:chromeOptions: {debuggerAddress: localhost:65171}, javascriptEnabled: true, networkConnectionEnabled: false, pageLoadStrategy: normal, platform: WINDOWS, platformName: WINDOWS, proxy: Proxy(), setWindowRect: true, strictFileInteractability: false, timeouts: {implicit: 0, pageLoad: 300000, script: 30000}, unhandledPromptBehavior: dismiss and notify, webauthn:extension:credBlob: true, webauthn:extension:largeBlob: true, webauthn:virtualAuthenticators: true}
Session ID: a4caa9f0f247b9e6a65dca5319b81811
*** Element info: {Using=id, value=customer_logout_link}
	at org.openqa.selenium.remote.http.W3CHttpResponseCodec.createException(W3CHttpResponseCodec.java:187)
	at org.openqa.selenium.remote.http.W3CHttpResponseCodec.decode(W3CHttpResponseCodec.java:122)
	at org.openqa.selenium.remote.http.W3CHttpResponseCodec.decode(W3CHttpResponseCodec.java:49)
	at org.openqa.selenium.remote.HttpCommandExecutor.execute(HttpCommandExecutor.java:158)
	at org.openqa.selenium.remote.service.DriverCommandExecutor.execute(DriverCommandExecutor.java:83)
	at org.openqa.selenium.remote.RemoteWebDriver.execute(RemoteWebDriver.java:552)
	at org.openqa.selenium.remote.RemoteWebDriver.findElement(RemoteWebDriver.java:323)
	at org.openqa.selenium.remote.RemoteWebDriver.findElementById(RemoteWebDriver.java:372)
	at org.openqa.selenium.By$ById.findElement(By.java:188)
	at org.openqa.selenium.remote.RemoteWebDriver.findElement(RemoteWebDriver.java:315)
	at com.mindtree.pageobjects.Login.getMyAccount(Login.java:36)
	at com.mindtree.stepDefinitions.LoginTeststepDefinition.my_account_section_should_be_displayed(LoginTeststepDefinition.java:86)
	at ?.My Account section should be displayed(file:///C:/Users/Hp/eclipse-workspace/CaseStudyBDD/./features/LoginTest.feature:9)
... Removed 4 stack frames</pre></div><a href='#' onClick='toggleBox("stack-trace1985362663", this, "Click to show all stack frames", "Click to hide stack frames")'>Click to show all stack frames</a>
<div class='stack-trace' id='stack-trace1985362663'><pre>org.openqa.selenium.NoSuchElementException: no such element: Unable to locate element: {&quot;method&quot;:&quot;css selector&quot;,&quot;selector&quot;:&quot;#customer_logout_link&quot;}
  (Session info: chrome=96.0.4664.45)
For documentation on this error, please visit: https://www.seleniumhq.org/exceptions/no_such_element.html
Build info: version: &apos;3.141.59&apos;, revision: &apos;e82be7d358&apos;, time: &apos;2018-11-14T08:17:03&apos;
System info: host: &apos;DESKTOP-EVUMI0M&apos;, ip: &apos;192.168.56.1&apos;, os.name: &apos;Windows 10&apos;, os.arch: &apos;amd64&apos;, os.version: &apos;10.0&apos;, java.version: &apos;11.0.11&apos;
Driver info: org.openqa.selenium.chrome.ChromeDriver
Capabilities {acceptInsecureCerts: false, browserName: chrome, browserVersion: 96.0.4664.45, chrome: {chromedriverVersion: 96.0.4664.45 (76e4c1bb2ab46..., userDataDir: C:\Users\Hp\AppData\Local\T...}, goog:chromeOptions: {debuggerAddress: localhost:65171}, javascriptEnabled: true, networkConnectionEnabled: false, pageLoadStrategy: normal, platform: WINDOWS, platformName: WINDOWS, proxy: Proxy(), setWindowRect: true, strictFileInteractability: false, timeouts: {implicit: 0, pageLoad: 300000, script: 30000}, unhandledPromptBehavior: dismiss and notify, webauthn:extension:credBlob: true, webauthn:extension:largeBlob: true, webauthn:virtualAuthenticators: true}
Session ID: a4caa9f0f247b9e6a65dca5319b81811
*** Element info: {Using=id, value=customer_logout_link}
	at java.base/jdk.internal.reflect.NativeConstructorAccessorImpl.newInstance0(Native Method)
	at java.base/jdk.internal.reflect.NativeConstructorAccessorImpl.newInstance(NativeConstructorAccessorImpl.java:62)
	at java.base/jdk.internal.reflect.DelegatingConstructorAccessorImpl.newInstance(DelegatingConstructorAccessorImpl.java:45)
	at java.base/java.lang.reflect.Constructor.newInstance(Constructor.java:490)
	at org.openqa.selenium.remote.http.W3CHttpResponseCodec.createException(W3CHttpResponseCodec.java:187)
	at org.openqa.selenium.remote.http.W3CHttpResponseCodec.decode(W3CHttpResponseCodec.java:122)
	at org.openqa.selenium.remote.http.W3CHttpResponseCodec.decode(W3CHttpResponseCodec.java:49)
	at org.openqa.selenium.remote.HttpCommandExecutor.execute(HttpCommandExecutor.java:158)
	at org.openqa.selenium.remote.service.DriverCommandExecutor.execute(DriverCommandExecutor.java:83)
	at org.openqa.selenium.remote.RemoteWebDriver.execute(RemoteWebDriver.java:552)
	at org.openqa.selenium.remote.RemoteWebDriver.findElement(RemoteWebDriver.java:323)
	at org.openqa.selenium.remote.RemoteWebDriver.findElementById(RemoteWebDriver.java:372)
	at org.openqa.selenium.By$ById.findElement(By.java:188)
	at org.openqa.selenium.remote.RemoteWebDriver.findElement(RemoteWebDriver.java:315)
	at com.mindtree.pageobjects.Login.getMyAccount(Login.java:36)
	at com.mindtree.stepDefinitions.LoginTeststepDefinition.my_account_section_should_be_displayed(LoginTeststepDefinition.java:86)
	at ?.My Account section should be displayed(file:///C:/Users/Hp/eclipse-workspace/CaseStudyBDD/./features/LoginTest.feature:9)
</pre></div></td>
<td>21</td>
<td>com.mindtree.runner.BigSmallRunner@3b8f0a79</td></tr>
<tr>
<td title='com.mindtree.runner.BigSmallRunner.runScenario()'><b>runScenario</b><br>Test class: com.mindtree.runner.BigSmallRunner<br>Test method: Runs Cucumber Scenarios<br>Parameters: "Signup for Newsletter", "Optional[Newsletter Validation]"</td>
<td><div><pre>java.lang.AssertionError: expected [Newsletter] but found [404: Page Not Found | Mailchimp]
	at com.mindtree.stepDefinitions.NewsletterstepDefinition.a_page_with_newsletter_signup_sucessful_should_be_displayed(NewsletterstepDefinition.java:66)
	at ?.A page with Newsletter signup sucessful should be displayed(file:///C:/Users/Hp/eclipse-workspace/CaseStudyBDD/./features/Newsletter.feature:7)
... Removed 6 stack frames</pre></div><a href='#' onClick='toggleBox("stack-trace385349023", this, "Click to show all stack frames", "Click to hide stack frames")'>Click to show all stack frames</a>
<div class='stack-trace' id='stack-trace385349023'><pre>java.lang.AssertionError: expected [Newsletter] but found [404: Page Not Found | Mailchimp]
	at org.testng.Assert.fail(Assert.java:99)
	at org.testng.Assert.failNotEquals(Assert.java:1037)
	at org.testng.Assert.assertEqualsImpl(Assert.java:140)
	at org.testng.Assert.assertEquals(Assert.java:122)
	at org.testng.Assert.assertEquals(Assert.java:629)
	at org.testng.Assert.assertEquals(Assert.java:639)
	at com.mindtree.stepDefinitions.NewsletterstepDefinition.a_page_with_newsletter_signup_sucessful_should_be_displayed(NewsletterstepDefinition.java:66)
	at ?.A page with Newsletter signup sucessful should be displayed(file:///C:/Users/Hp/eclipse-workspace/CaseStudyBDD/./features/Newsletter.feature:7)
</pre></div></td>
<td>8</td>
<td>com.mindtree.runner.BigSmallRunner@3b8f0a79</td></tr>
<tr>
<td title='com.mindtree.runner.BigSmallRunner.runScenario()'><b>runScenario</b><br>Test class: com.mindtree.runner.BigSmallRunner<br>Test method: Runs Cucumber Scenarios<br>Parameters: "Fill the details and Submit the contact form", "Optional[Contact Us]"</td>
<td><div><pre>org.openqa.selenium.NoSuchElementException: no such element: Unable to locate element: {&quot;method&quot;:&quot;xpath&quot;,&quot;selector&quot;:&quot;//form[@id=&quot;contact_form&quot;]/p[1]&quot;}
  (Session info: chrome=96.0.4664.45)
For documentation on this error, please visit: https://www.seleniumhq.org/exceptions/no_such_element.html
Build info: version: &apos;3.141.59&apos;, revision: &apos;e82be7d358&apos;, time: &apos;2018-11-14T08:17:03&apos;
System info: host: &apos;DESKTOP-EVUMI0M&apos;, ip: &apos;192.168.56.1&apos;, os.name: &apos;Windows 10&apos;, os.arch: &apos;amd64&apos;, os.version: &apos;10.0&apos;, java.version: &apos;11.0.11&apos;
Driver info: org.openqa.selenium.chrome.ChromeDriver
Capabilities {acceptInsecureCerts: false, browserName: chrome, browserVersion: 96.0.4664.45, chrome: {chromedriverVersion: 96.0.4664.45 (76e4c1bb2ab46..., userDataDir: C:\Users\Hp\AppData\Local\T...}, goog:chromeOptions: {debuggerAddress: localhost:64933}, javascriptEnabled: true, networkConnectionEnabled: false, pageLoadStrategy: normal, platform: WINDOWS, platformName: WINDOWS, proxy: Proxy(), setWindowRect: true, strictFileInteractability: false, timeouts: {implicit: 0, pageLoad: 300000, script: 30000}, unhandledPromptBehavior: dismiss and notify, webauthn:extension:credBlob: true, webauthn:extension:largeBlob: true, webauthn:virtualAuthenticators: true}
Session ID: 57892435d884e91ca7e329ec3df2fac0
*** Element info: {Using=xpath, value=//form[@id=&quot;contact_form&quot;]/p[1]}
	at org.openqa.selenium.remote.http.W3CHttpResponseCodec.createException(W3CHttpResponseCodec.java:187)
	at org.openqa.selenium.remote.http.W3CHttpResponseCodec.decode(W3CHttpResponseCodec.java:122)
	at org.openqa.selenium.remote.http.W3CHttpResponseCodec.decode(W3CHttpResponseCodec.java:49)
	at org.openqa.selenium.remote.HttpCommandExecutor.execute(HttpCommandExecutor.java:158)
	at org.openqa.selenium.remote.service.DriverCommandExecutor.execute(DriverCommandExecutor.java:83)
	at org.openqa.selenium.remote.RemoteWebDriver.execute(RemoteWebDriver.java:552)
	at org.openqa.selenium.remote.RemoteWebDriver.findElement(RemoteWebDriver.java:323)
	at org.openqa.selenium.remote.RemoteWebDriver.findElementByXPath(RemoteWebDriver.java:428)
	at org.openqa.selenium.By$ByXPath.findElement(By.java:353)
	at org.openqa.selenium.remote.RemoteWebDriver.findElement(RemoteWebDriver.java:315)
	at com.mindtree.pageobjects.ContactUs.getThanksMessage(ContactUs.java:33)
	at com.mindtree.stepDefinitions.ContactstepDefinition.a_thankyou_message_should_be_displayed(ContactstepDefinition.java:67)
	at ?.A Thankyou Message should be displayed(file:///C:/Users/Hp/eclipse-workspace/CaseStudyBDD/./features/Contact.feature:10)
... Removed 4 stack frames</pre></div><a href='#' onClick='toggleBox("stack-trace2012910465", this, "Click to show all stack frames", "Click to hide stack frames")'>Click to show all stack frames</a>
<div class='stack-trace' id='stack-trace2012910465'><pre>org.openqa.selenium.NoSuchElementException: no such element: Unable to locate element: {&quot;method&quot;:&quot;xpath&quot;,&quot;selector&quot;:&quot;//form[@id=&quot;contact_form&quot;]/p[1]&quot;}
  (Session info: chrome=96.0.4664.45)
For documentation on this error, please visit: https://www.seleniumhq.org/exceptions/no_such_element.html
Build info: version: &apos;3.141.59&apos;, revision: &apos;e82be7d358&apos;, time: &apos;2018-11-14T08:17:03&apos;
System info: host: &apos;DESKTOP-EVUMI0M&apos;, ip: &apos;192.168.56.1&apos;, os.name: &apos;Windows 10&apos;, os.arch: &apos;amd64&apos;, os.version: &apos;10.0&apos;, java.version: &apos;11.0.11&apos;
Driver info: org.openqa.selenium.chrome.ChromeDriver
Capabilities {acceptInsecureCerts: false, browserName: chrome, browserVersion: 96.0.4664.45, chrome: {chromedriverVersion: 96.0.4664.45 (76e4c1bb2ab46..., userDataDir: C:\Users\Hp\AppData\Local\T...}, goog:chromeOptions: {debuggerAddress: localhost:64933}, javascriptEnabled: true, networkConnectionEnabled: false, pageLoadStrategy: normal, platform: WINDOWS, platformName: WINDOWS, proxy: Proxy(), setWindowRect: true, strictFileInteractability: false, timeouts: {implicit: 0, pageLoad: 300000, script: 30000}, unhandledPromptBehavior: dismiss and notify, webauthn:extension:credBlob: true, webauthn:extension:largeBlob: true, webauthn:virtualAuthenticators: true}
Session ID: 57892435d884e91ca7e329ec3df2fac0
*** Element info: {Using=xpath, value=//form[@id=&quot;contact_form&quot;]/p[1]}
	at java.base/jdk.internal.reflect.NativeConstructorAccessorImpl.newInstance0(Native Method)
	at java.base/jdk.internal.reflect.NativeConstructorAccessorImpl.newInstance(NativeConstructorAccessorImpl.java:62)
	at java.base/jdk.internal.reflect.DelegatingConstructorAccessorImpl.newInstance(DelegatingConstructorAccessorImpl.java:45)
	at java.base/java.lang.reflect.Constructor.newInstance(Constructor.java:490)
	at org.openqa.selenium.remote.http.W3CHttpResponseCodec.createException(W3CHttpResponseCodec.java:187)
	at org.openqa.selenium.remote.http.W3CHttpResponseCodec.decode(W3CHttpResponseCodec.java:122)
	at org.openqa.selenium.remote.http.W3CHttpResponseCodec.decode(W3CHttpResponseCodec.java:49)
	at org.openqa.selenium.remote.HttpCommandExecutor.execute(HttpCommandExecutor.java:158)
	at org.openqa.selenium.remote.service.DriverCommandExecutor.execute(DriverCommandExecutor.java:83)
	at org.openqa.selenium.remote.RemoteWebDriver.execute(RemoteWebDriver.java:552)
	at org.openqa.selenium.remote.RemoteWebDriver.findElement(RemoteWebDriver.java:323)
	at org.openqa.selenium.remote.RemoteWebDriver.findElementByXPath(RemoteWebDriver.java:428)
	at org.openqa.selenium.By$ByXPath.findElement(By.java:353)
	at org.openqa.selenium.remote.RemoteWebDriver.findElement(RemoteWebDriver.java:315)
	at com.mindtree.pageobjects.ContactUs.getThanksMessage(ContactUs.java:33)
	at com.mindtree.stepDefinitions.ContactstepDefinition.a_thankyou_message_should_be_displayed(ContactstepDefinition.java:67)
	at ?.A Thankyou Message should be displayed(file:///C:/Users/Hp/eclipse-workspace/CaseStudyBDD/./features/Contact.feature:10)
</pre></div></td>
<td>21</td>
<td>com.mindtree.runner.BigSmallRunner@3b8f0a79</td></tr>
</table><p>
<table width='100%' border='1' class='invocation-passed'>
<tr><td colspan='4' align='center'><b>PASSED TESTS</b></td></tr>
<tr><td><b>Test method</b></td>
<td width="30%"><b>Exception</b></td>
<td width="10%"><b>Time (seconds)</b></td>
<td><b>Instance</b></td>
</tr>
<tr>
<td title='com.mindtree.runner.BigSmallRunner.runScenario()'><b>runScenario</b><br>Test class: com.mindtree.runner.BigSmallRunner<br>Test method: Runs Cucumber Scenarios<br>Parameters: "AddToCart and CheckOut", "Optional[AddToCart]"</td>
<td></td>
<td>15</td>
<td>com.mindtree.runner.BigSmallRunner@3b8f0a79</td></tr>
<tr>
<td title='com.mindtree.runner.BigSmallRunner.runScenario()'><b>runScenario</b><br>Test class: com.mindtree.runner.BigSmallRunner<br>Test method: Runs Cucumber Scenarios<br>Parameters: "Clicking on the GiftCard and checking its delivery status using postal code", "Optional[GiftCard]"</td>
<td></td>
<td>12</td>
<td>com.mindtree.runner.BigSmallRunner@3b8f0a79</td></tr>
<tr>
<td title='com.mindtree.runner.BigSmallRunner.runScenario()'><b>runScenario</b><br>Test class: com.mindtree.runner.BigSmallRunner<br>Test method: Runs Cucumber Scenarios<br>Parameters: "HomePage Validation", "Optional[BigSmall Site AutoMate]"</td>
<td></td>
<td>5</td>
<td>com.mindtree.runner.BigSmallRunner@3b8f0a79</td></tr>
<tr>
<td title='com.mindtree.runner.BigSmallRunner.runScenario()'><b>runScenario</b><br>Test class: com.mindtree.runner.BigSmallRunner<br>Test method: Runs Cucumber Scenarios<br>Parameters: "Clicking AllofIt and validating Next Page", "Optional[AllofIt]"</td>
<td></td>
<td>8</td>
<td>com.mindtree.runner.BigSmallRunner@3b8f0a79</td></tr>
<tr>
<td title='com.mindtree.runner.BigSmallRunner.runScenario()'><b>runScenario</b><br>Test class: com.mindtree.runner.BigSmallRunner<br>Test method: Runs Cucumber Scenarios<br>Parameters: "Validating WishList", "Optional[WishList]"</td>
<td></td>
<td>27</td>
<td>com.mindtree.runner.BigSmallRunner@3b8f0a79</td></tr>
<tr>
<td title='com.mindtree.runner.BigSmallRunner.runScenario()'><b>runScenario</b><br>Test class: com.mindtree.runner.BigSmallRunner<br>Test method: Runs Cucumber Scenarios<br>Parameters: "Entering data into search box and validating the results", "Optional[SearchBar Validation]"</td>
<td></td>
<td>18</td>
<td>com.mindtree.runner.BigSmallRunner@3b8f0a79</td></tr>
<tr>
<td title='com.mindtree.runner.BigSmallRunner.runScenario()'><b>runScenario</b><br>Test class: com.mindtree.runner.BigSmallRunner<br>Test method: Runs Cucumber Scenarios<br>Parameters: "Hovering over Official Merchandise", "Optional[Hover Test]"</td>
<td></td>
<td>11</td>
<td>com.mindtree.runner.BigSmallRunner@3b8f0a79</td></tr>
<tr>
<td title='com.mindtree.runner.BigSmallRunner.runScenario()'><b>runScenario</b><br>Test class: com.mindtree.runner.BigSmallRunner<br>Test method: Runs Cucumber Scenarios<br>Parameters: "Sorting Items", "Optional[SortItem]"</td>
<td></td>
<td>9</td>
<td>com.mindtree.runner.BigSmallRunner@3b8f0a79</td></tr>
</table><p>
</body>
</html>